<?xml version="1.0" encoding="UTF-8" ?>
<testsuite tests="15" failures="0" name="no.priv.garshol.duke.comparators.LongestCommonSubstringTest" time="0.01" errors="0" skipped="0">
  <properties>
    <property name="java.runtime.name" value="Java(TM) SE Runtime Environment"/>
    <property name="sun.boot.library.path" value="C:\Program Files\Java\jre1.8.0_121\bin"/>
    <property name="java.vm.version" value="25.121-b13"/>
    <property name="java.vm.vendor" value="Oracle Corporation"/>
    <property name="java.vendor.url" value="http://java.oracle.com/"/>
    <property name="path.separator" value=";"/>
    <property name="java.vm.name" value="Java HotSpot(TM) 64-Bit Server VM"/>
    <property name="file.encoding.pkg" value="sun.io"/>
    <property name="user.script" value=""/>
    <property name="user.country" value="IN"/>
    <property name="sun.java.launcher" value="SUN_STANDARD"/>
    <property name="sun.os.patch.level" value=""/>
    <property name="java.vm.specification.name" value="Java Virtual Machine Specification"/>
    <property name="user.dir" value="C:\Users\SONY VAIO\git\Duke\duke-core"/>
    <property name="java.runtime.version" value="1.8.0_121-b13"/>
    <property name="java.awt.graphicsenv" value="sun.awt.Win32GraphicsEnvironment"/>
    <property name="basedir" value="C:\Users\SONY VAIO\git\Duke\duke-core"/>
    <property name="java.endorsed.dirs" value="C:\Program Files\Java\jre1.8.0_121\lib\endorsed"/>
    <property name="os.arch" value="amd64"/>
    <property name="surefire.real.class.path" value="C:\Users\SONY VAIO\git\Duke\duke-core\target\surefire\surefirebooter7388477618974352542.jar"/>
    <property name="java.io.tmpdir" value="C:\Users\SONYVA~1\AppData\Local\Temp\"/>
    <property name="line.separator" value="
"/>
    <property name="java.vm.specification.vendor" value="Oracle Corporation"/>
    <property name="user.variant" value=""/>
    <property name="os.name" value="Windows 8.1"/>
    <property name="sun.jnu.encoding" value="Cp1252"/>
    <property name="java.library.path" value="C:\Program Files\Java\jre1.8.0_121\bin;C:\WINDOWS\Sun\Java\bin;C:\WINDOWS\system32;C:\WINDOWS;C:/Program Files/Java/jre1.8.0_121/bin/server;C:/Program Files/Java/jre1.8.0_121/bin;C:/Program Files/Java/jre1.8.0_121/lib/amd64;C:\ProgramData\Oracle\Java\javapath;C:\oraclexe\app\oracle\product\11.2.0\server\bin;C:\Program Files (x86)\Intel\iCLS Client\;C:\Program Files\Intel\iCLS Client\;C:\WINDOWS\system32;C:\WINDOWS;C:\WINDOWS\System32\Wbem;C:\WINDOWS\System32\WindowsPowerShell\v1.0\;C:\Program Files\Intel\Intel(R) Management Engine Components\DAL;C:\Program Files\Intel\Intel(R) Management Engine Components\IPT;C:\Program Files (x86)\Intel\Intel(R) Management Engine Components\DAL;C:\Program Files (x86)\Intel\Intel(R) Management Engine Components\IPT;C:\Program Files (x86)\Sony\VAIO BIOS Data Transfer Utility\;C:\Program Files (x86)\Sony\VAIO Startup Setting Tool;C:\Program Files\Intel\WiFi\bin\;C:\Program Files\Common Files\Intel\WirelessCommon\;c:\Program Files (x86)\Microsoft SQL Server\110\Tools\Binn\;c:\Program Files\Microsoft SQL Server\110\Tools\Binn\;c:\Program Files\Microsoft SQL Server\110\DTS\Binn\;c:\Program Files (x86)\Microsoft SQL Server\110\Tools\Binn\ManagementStudio\;c:\Program Files (x86)\Microsoft SQL Server\110\DTS\Binn\;C:\Program Files (x86)\Common Files\lenovo\easyplussdk\bin;C:\Program Files\nodejs\;C:\Program Files\Git\cmd;C:\Program Files\Intel\WiFi\bin\;C:\Program Files\Common Files\Intel\WirelessCommon\;C:\Program Files\apache-maven-3.3.9\bin;C:\Program Files\Java\jdk1.7.0_79\bin;C:\Program Files\apache-tomcat-9.0.0.M10\bin;C:\Users\SONY VAIO\AppData\Roaming\npm;C:\Android\sdk\platform-tools;C:\Android\sdk\tools;C:\Users\SONY VAIO\Desktop;;."/>
    <property name="surefire.test.class.path" value="C:\Users\SONY VAIO\git\Duke\duke-core\target\test-classes;C:\Users\SONY VAIO\git\Duke\duke-core\target\classes;C:\Users\SONY VAIO\.m2\repository\junit\junit\4.11\junit-4.11.jar;C:\Users\SONY VAIO\.m2\repository\org\hamcrest\hamcrest-core\1.3\hamcrest-core-1.3.jar;C:\Users\SONY VAIO\.m2\repository\com\h2database\h2\1.3.176\h2-1.3.176.jar;"/>
    <property name="java.specification.name" value="Java Platform API Specification"/>
    <property name="java.class.version" value="52.0"/>
    <property name="sun.management.compiler" value="HotSpot 64-Bit Tiered Compilers"/>
    <property name="os.version" value="6.3"/>
    <property name="user.home" value="C:\Users\SONY VAIO"/>
    <property name="user.timezone" value=""/>
    <property name="java.awt.printerjob" value="sun.awt.windows.WPrinterJob"/>
    <property name="java.specification.version" value="1.8"/>
    <property name="file.encoding" value="Cp1252"/>
    <property name="user.name" value="SONY VAIO"/>
    <property name="java.class.path" value="C:\Users\SONY VAIO\git\Duke\duke-core\target\test-classes;C:\Users\SONY VAIO\git\Duke\duke-core\target\classes;C:\Users\SONY VAIO\.m2\repository\junit\junit\4.11\junit-4.11.jar;C:\Users\SONY VAIO\.m2\repository\org\hamcrest\hamcrest-core\1.3\hamcrest-core-1.3.jar;C:\Users\SONY VAIO\.m2\repository\com\h2database\h2\1.3.176\h2-1.3.176.jar;"/>
    <property name="java.vm.specification.version" value="1.8"/>
    <property name="sun.arch.data.model" value="64"/>
    <property name="java.home" value="C:\Program Files\Java\jre1.8.0_121"/>
    <property name="sun.java.command" value="C:\Users\SONY VAIO\git\Duke\duke-core\target\surefire\surefirebooter7388477618974352542.jar C:\Users\SONY VAIO\git\Duke\duke-core\target\surefire\surefire3634109971894368143tmp C:\Users\SONY VAIO\git\Duke\duke-core\target\surefire\surefire7753727281774028561tmp"/>
    <property name="java.specification.vendor" value="Oracle Corporation"/>
    <property name="user.language" value="en"/>
    <property name="awt.toolkit" value="sun.awt.windows.WToolkit"/>
    <property name="java.vm.info" value="mixed mode"/>
    <property name="java.version" value="1.8.0_121"/>
    <property name="java.ext.dirs" value="C:\Program Files\Java\jre1.8.0_121\lib\ext;C:\WINDOWS\Sun\Java\lib\ext"/>
    <property name="sun.boot.class.path" value="C:\Program Files\Java\jre1.8.0_121\lib\resources.jar;C:\Program Files\Java\jre1.8.0_121\lib\rt.jar;C:\Program Files\Java\jre1.8.0_121\lib\sunrsasign.jar;C:\Program Files\Java\jre1.8.0_121\lib\jsse.jar;C:\Program Files\Java\jre1.8.0_121\lib\jce.jar;C:\Program Files\Java\jre1.8.0_121\lib\charsets.jar;C:\Program Files\Java\jre1.8.0_121\lib\jfr.jar;C:\Program Files\Java\jre1.8.0_121\classes"/>
    <property name="java.vendor" value="Oracle Corporation"/>
    <property name="localRepository" value="C:\Users\SONY VAIO\.m2\repository"/>
    <property name="file.separator" value="\"/>
    <property name="java.vendor.url.bug" value="http://bugreport.sun.com/bugreport/"/>
    <property name="sun.cpu.endian" value="little"/>
    <property name="sun.io.unicode.encoding" value="UnicodeLittle"/>
    <property name="sun.desktop" value="windows"/>
    <property name="sun.cpu.isalist" value="amd64"/>
  </properties>
  <testcase classname="no.priv.garshol.duke.comparators.LongestCommonSubstringTest" name="testChristen5_21b" time="0"/>
  <testcase classname="no.priv.garshol.duke.comparators.LongestCommonSubstringTest" name="testChristen5_21c" time="0"/>
  <testcase classname="no.priv.garshol.duke.comparators.LongestCommonSubstringTest" name="testChristen5_21" time="0"/>
  <testcase classname="no.priv.garshol.duke.comparators.LongestCommonSubstringTest" name="testDice1" time="0"/>
  <testcase classname="no.priv.garshol.duke.comparators.LongestCommonSubstringTest" name="testDice2" time="0"/>
  <testcase classname="no.priv.garshol.duke.comparators.LongestCommonSubstringTest" name="testEmpty" time="0"/>
  <testcase classname="no.priv.garshol.duke.comparators.LongestCommonSubstringTest" name="testComparatorEqual" time="0"/>
  <testcase classname="no.priv.garshol.duke.comparators.LongestCommonSubstringTest" name="testSelf" time="0"/>
  <testcase classname="no.priv.garshol.duke.comparators.LongestCommonSubstringTest" name="testJaccard1" time="0"/>
  <testcase classname="no.priv.garshol.duke.comparators.LongestCommonSubstringTest" name="testJaccard2" time="0"/>
  <testcase classname="no.priv.garshol.duke.comparators.LongestCommonSubstringTest" name="testComparatorTotallyDifferent" time="0"/>
  <testcase classname="no.priv.garshol.duke.comparators.LongestCommonSubstringTest" name="testSymmetric" time="0"/>
  <testcase classname="no.priv.garshol.duke.comparators.LongestCommonSubstringTest" name="testHotels2" time="0"/>
  <testcase classname="no.priv.garshol.duke.comparators.LongestCommonSubstringTest" name="testEmpty2" time="0"/>
  <testcase classname="no.priv.garshol.duke.comparators.LongestCommonSubstringTest" name="testHotels" time="0"/>
</testsuite>